<?xml version="1.0" encoding="UTF-8"?>
<testsuite xmlns:xsi="http://www.w3.org/2001/XMLSchema-instance" xsi:noNamespaceSchemaLocation="https://maven.apache.org/surefire/maven-surefire-plugin/xsd/surefire-test-report-3.0.xsd" version="3.0" name="TestSuite" time="1.143" tests="1" errors="0" skipped="1" failures="0">
  <properties>
[...]
</properties>
  <testcase name="VerifyCalcOperations" classname="calc.testCases.CalcDemoTC.CalcTest" time="0">
    <skipped message="org.apache.poi.openxml4j.exceptions.InvalidOperationException: Failed to read the file input stream from file: &apos;C:\Users\visha\OneDrive\Desktop\Assurity\Combined\NUIX_SDET_AssignmentDemo_Automation\TestData.xlsx&apos;"/>
    <system-err><![CDATA[SLF4J: Failed to load class "org.slf4j.impl.StaticLoggerBinder".
SLF4J: Defaulting to no-operation (NOP) logger implementation
SLF4J: See http://www.slf4j.org/codes.html#StaticLoggerBinder for further details.
[Utils] [ERROR] [Error] org.apache.poi.openxml4j.exceptions.InvalidOperationException: Failed to read the file input stream from file: &apos;C:\Users\visha\OneDrive\Desktop\Assurity\Combined\NUIX_SDET_AssignmentDemo_Automation\TestData.xlsx&apos;
	at org.apache.poi.openxml4j.opc.ZipPackage.openZipEntrySourceStream(ZipPackage.java:172)
	at org.apache.poi.openxml4j.opc.ZipPackage.&lt;init&gt;(ZipPackage.java:145)
	at org.apache.poi.openxml4j.opc.ZipPackage.&lt;init&gt;(ZipPackage.java:120)
	at org.apache.poi.openxml4j.opc.OPCPackage.open(OPCPackage.java:257)
	at org.apache.poi.openxml4j.opc.OPCPackage.open(OPCPackage.java:188)
	at org.apache.poi.POIXMLDocument.openPackage(POIXMLDocument.java:90)
	at org.apache.poi.xssf.usermodel.XSSFWorkbook.&lt;init&gt;(XSSFWorkbook.java:330)
	at calc.testCases.CalcDemoTC.CalcTest.getDataFromSheet(CalcTest.java:26)
	at java.base/jdk.internal.reflect.NativeMethodAccessorImpl.invoke0(Native Method)
	at java.base/jdk.internal.reflect.NativeMethodAccessorImpl.invoke(NativeMethodAccessorImpl.java:62)
	at java.base/jdk.internal.reflect.DelegatingMethodAccessorImpl.invoke(DelegatingMethodAccessorImpl.java:43)
	at java.base/java.lang.reflect.Method.invoke(Method.java:566)
	at org.testng.internal.MethodInvocationHelper.invokeMethod(MethodInvocationHelper.java:133)
	at org.testng.internal.MethodInvocationHelper.invokeMethod(MethodInvocationHelper.java:77)
	at org.testng.internal.MethodInvocationHelper.invokeMethodNoCheckedException(MethodInvocationHelper.java:46)
	at org.testng.internal.MethodInvocationHelper.invokeDataProvider(MethodInvocationHelper.java:146)
	at org.testng.internal.Parameters.handleParameters(Parameters.java:820)
	at org.testng.internal.Parameters.handleParameters(Parameters.java:762)
	at org.testng.internal.ParameterHandler.handleParameters(ParameterHandler.java:60)
	at org.testng.internal.ParameterHandler.createParameters(ParameterHandler.java:39)
	at org.testng.internal.TestInvoker$MethodInvocationAgent.invoke(TestInvoker.java:771)
	at org.testng.internal.TestInvoker.invokeTestMethods(TestInvoker.java:145)
	at org.testng.internal.TestMethodWorker.invokeTestMethods(TestMethodWorker.java:146)
	at org.testng.internal.TestMethodWorker.run(TestMethodWorker.java:128)
	at java.base/java.util.concurrent.ThreadPoolExecutor.runWorker(ThreadPoolExecutor.java:1128)
	at java.base/java.util.concurrent.ThreadPoolExecutor$Worker.run(ThreadPoolExecutor.java:628)
	at java.base/java.lang.Thread.run(Thread.java:834)
Caused by: org.apache.poi.openxml4j.exceptions.InvalidOperationException: Failed to read the zip entry source stream
	at org.apache.poi.openxml4j.opc.ZipPackage.openZipEntrySourceStream(ZipPackage.java:198)
	at org.apache.poi.openxml4j.opc.ZipPackage.openZipEntrySourceStream(ZipPackage.java:164)
	... 26 more
Caused by: org.apache.poi.openxml4j.exceptions.InvalidOperationException: Could not open the specified zip entry source stream
	at org.apache.poi.openxml4j.opc.ZipPackage.openZipEntrySourceStream(ZipPackage.java:208)
	at org.apache.poi.openxml4j.opc.ZipPackage.openZipEntrySourceStream(ZipPackage.java:190)
	... 27 more
Caused by: java.io.EOFException: Unexpected end of ZLIB input stream
	at java.base/java.util.zip.InflaterInputStream.fill(InflaterInputStream.java:245)
	at java.base/java.util.zip.InflaterInputStream.read(InflaterInputStream.java:159)
	at java.base/java.util.zip.ZipInputStream.read(ZipInputStream.java:197)
	at org.apache.poi.openxml4j.util.ZipSecureFile$ThresholdInputStream.read(ZipSecureFile.java:213)
	at java.base/java.io.FilterInputStream.read(FilterInputStream.java:107)
	at org.apache.poi.openxml4j.util.ZipInputStreamZipEntrySource$FakeZipEntry.&lt;init&gt;(ZipInputStreamZipEntrySource.java:132)
	at org.apache.poi.openxml4j.util.ZipInputStreamZipEntrySource.&lt;init&gt;(ZipInputStreamZipEntrySource.java:56)
	at org.apache.poi.openxml4j.opc.ZipPackage.openZipEntrySourceStream(ZipPackage.java:206)
	... 28 more

]]></system-err>
  </testcase>
</testsuite>