<?xml version="1.0" encoding="UTF-8"?>
<testng-results ignored="0" total="1" passed="0" failed="0" skipped="1">
  <reporter-output>
  </reporter-output>
  <suite started-at="2023-10-05T10:23:10 IST" name="Suite" finished-at="2023-10-05T10:23:10 IST" duration-ms="174">
    <groups>
    </groups>
    <test started-at="2023-10-05T10:23:10 IST" name="WebServices-Test" finished-at="2023-10-05T10:23:10 IST" duration-ms="174">
      <class name="calc.testCases.CalcDemoTC.CalcTest">
        <test-method is-config="true" signature="setSuiteSetUp()[pri:0, instance:calc.testCases.CalcDemoTC.CalcTest@16c069df]" started-at="2023-10-05T10:23:10 IST" name="setSuiteSetUp" finished-at="2023-10-05T10:23:10 IST" duration-ms="127" status="PASS">
          <reporter-output>
          </reporter-output>
        </test-method> <!-- setSuiteSetUp -->
        <test-method is-config="true" signature="beforeBaseClass(org.testng.ITestContext)[pri:0, instance:calc.testCases.CalcDemoTC.CalcTest@16c069df]" started-at="2023-10-05T10:23:10 IST" name="beforeBaseClass" finished-at="2023-10-05T10:23:10 IST" duration-ms="11" status="PASS">
          <params>
            <param index="0">
              <value>
                <![CDATA[org.testng.TestRunner@67ef029]]>
              </value>
            </param>
          </params>
          <reporter-output>
          </reporter-output>
        </test-method> <!-- beforeBaseClass -->
        <test-method signature="VerifyCalcOperations(java.lang.String, java.lang.Object, java.lang.Object, java.lang.Object)[pri:0, instance:calc.testCases.CalcDemoTC.CalcTest@16c069df]" started-at="2023-10-05T10:23:10 IST" name="VerifyCalcOperations" data-provider="getData" finished-at="2023-10-05T10:23:10 IST" duration-ms="0" status="SKIP">
          <exception class="java.lang.RuntimeException">
            <message>
              <![CDATA[org.apache.poi.openxml4j.exceptions.InvalidOperationException: Failed to read the file input stream from file: 'C:\Users\visha\OneDrive\Desktop\Assurity\Combined\NUIX_SDET_AssignmentDemo_Automation\TestData.xlsx']]>
            </message>
            <full-stacktrace>
              <![CDATA[java.lang.RuntimeException: org.apache.poi.openxml4j.exceptions.InvalidOperationException: Failed to read the file input stream from file: 'C:\Users\visha\OneDrive\Desktop\Assurity\Combined\NUIX_SDET_AssignmentDemo_Automation\TestData.xlsx'
at org.testng.internal.MethodInvocationHelper.invokeMethodNoCheckedException(MethodInvocationHelper.java:50)
at org.testng.internal.MethodInvocationHelper.invokeDataProvider(MethodInvocationHelper.java:146)
at org.testng.internal.Parameters.handleParameters(Parameters.java:820)
at org.testng.internal.Parameters.handleParameters(Parameters.java:762)
at org.testng.internal.ParameterHandler.handleParameters(ParameterHandler.java:60)
at org.testng.internal.ParameterHandler.createParameters(ParameterHandler.java:39)
at org.testng.internal.TestInvoker$MethodInvocationAgent.invoke(TestInvoker.java:771)
at org.testng.internal.TestInvoker.invokeTestMethods(TestInvoker.java:145)
at org.testng.internal.TestMethodWorker.invokeTestMethods(TestMethodWorker.java:146)
at org.testng.internal.TestMethodWorker.run(TestMethodWorker.java:128)
at java.base/java.util.concurrent.ThreadPoolExecutor.runWorker(ThreadPoolExecutor.java:1128)
at java.base/java.util.concurrent.ThreadPoolExecutor$Worker.run(ThreadPoolExecutor.java:628)
at java.base/java.lang.Thread.run(Thread.java:834)
Caused by: org.apache.poi.openxml4j.exceptions.InvalidOperationException: Failed to read the file input stream from file: 'C:\Users\visha\OneDrive\Desktop\Assurity\Combined\NUIX_SDET_AssignmentDemo_Automation\TestData.xlsx'
at org.apache.poi.openxml4j.opc.ZipPackage.openZipEntrySourceStream(ZipPackage.java:172)
at org.apache.poi.openxml4j.opc.ZipPackage.<init>(ZipPackage.java:145)
at org.apache.poi.openxml4j.opc.ZipPackage.<init>(ZipPackage.java:120)
at org.apache.poi.openxml4j.opc.OPCPackage.open(OPCPackage.java:257)
at org.apache.poi.openxml4j.opc.OPCPackage.open(OPCPackage.java:188)
at org.apache.poi.POIXMLDocument.openPackage(POIXMLDocument.java:90)
at org.apache.poi.xssf.usermodel.XSSFWorkbook.<init>(XSSFWorkbook.java:330)
at calc.testCases.CalcDemoTC.CalcTest.getDataFromSheet(CalcTest.java:26)
at java.base/jdk.internal.reflect.NativeMethodAccessorImpl.invoke0(Native Method)
at java.base/jdk.internal.reflect.NativeMethodAccessorImpl.invoke(NativeMethodAccessorImpl.java:62)
at java.base/jdk.internal.reflect.DelegatingMethodAccessorImpl.invoke(DelegatingMethodAccessorImpl.java:43)
at java.base/java.lang.reflect.Method.invoke(Method.java:566)
at org.testng.internal.MethodInvocationHelper.invokeMethod(MethodInvocationHelper.java:133)
at org.testng.internal.MethodInvocationHelper.invokeMethod(MethodInvocationHelper.java:77)
at org.testng.internal.MethodInvocationHelper.invokeMethodNoCheckedException(MethodInvocationHelper.java:46)
... 12 more
Caused by: org.apache.poi.openxml4j.exceptions.InvalidOperationException: Failed to read the zip entry source stream
at org.apache.poi.openxml4j.opc.ZipPackage.openZipEntrySourceStream(ZipPackage.java:198)
at org.apache.poi.openxml4j.opc.ZipPackage.openZipEntrySourceStream(ZipPackage.java:164)
... 26 more
Caused by: org.apache.poi.openxml4j.exceptions.InvalidOperationException: Could not open the specified zip entry source stream
at org.apache.poi.openxml4j.opc.ZipPackage.openZipEntrySourceStream(ZipPackage.java:208)
at org.apache.poi.openxml4j.opc.ZipPackage.openZipEntrySourceStream(ZipPackage.java:190)
... 27 more
Caused by: java.io.EOFException: Unexpected end of ZLIB input stream
at java.base/java.util.zip.InflaterInputStream.fill(InflaterInputStream.java:245)
at java.base/java.util.zip.InflaterInputStream.read(InflaterInputStream.java:159)
at java.base/java.util.zip.ZipInputStream.read(ZipInputStream.java:197)
at org.apache.poi.openxml4j.util.ZipSecureFile$ThresholdInputStream.read(ZipSecureFile.java:213)
at java.base/java.io.FilterInputStream.read(FilterInputStream.java:107)
at org.apache.poi.openxml4j.util.ZipInputStreamZipEntrySource$FakeZipEntry.<init>(ZipInputStreamZipEntrySource.java:132)
at org.apache.poi.openxml4j.util.ZipInputStreamZipEntrySource.<init>(ZipInputStreamZipEntrySource.java:56)
at org.apache.poi.openxml4j.opc.ZipPackage.openZipEntrySourceStream(ZipPackage.java:206)
... 28 more
]]>
            </full-stacktrace>
          </exception> <!-- java.lang.RuntimeException -->
          <reporter-output>
          </reporter-output>
        </test-method> <!-- VerifyCalcOperations -->
        <test-method is-config="true" signature="afterBaseClass()[pri:0, instance:calc.testCases.CalcDemoTC.CalcTest@16c069df]" started-at="2023-10-05T10:23:10 IST" name="afterBaseClass" finished-at="2023-10-05T10:23:10 IST" duration-ms="3" status="PASS">
          <reporter-output>
          </reporter-output>
        </test-method> <!-- afterBaseClass -->
        <test-method is-config="true" signature="afterSuite()[pri:0, instance:calc.testCases.CalcDemoTC.CalcTest@16c069df]" started-at="2023-10-05T10:23:10 IST" name="afterSuite" finished-at="2023-10-05T10:23:11 IST" duration-ms="307" status="PASS">
          <reporter-output>
          </reporter-output>
        </test-method> <!-- afterSuite -->
      </class> <!-- calc.testCases.CalcDemoTC.CalcTest -->
    </test> <!-- WebServices-Test -->
  </suite> <!-- Suite -->
</testng-results>
